<?xml version="1.0" encoding="UTF-8"?>
<beans xmlns:xsi="http://www.w3.org/2001/XMLSchema-instance"
       xmlns="http://www.springframework.org/schema/beans"
       xsi:schemaLocation="http://www.springframework.org/schema/beans
       http://www.springframework.org/schema/beans/spring-beans.xsd">

    <import resource="classpath*:test-spring-db.xml"/>

    <bean class="org.springframework.beans.factory.config.PropertyPlaceholderConfigurer">
        <property name="locations">
            <list>
                <value>classpath:app.properties</value>
                <value>classpath:database.properties</value>
            </list>
        </property>
    </bean>

    <bean id="categoryDao" class="by.eventcat.CategoryDaoImpl">
        <constructor-arg ref="dataSource"/>
    </bean>
    <bean id="categoryService" class="by.eventcat.CategoryServiceImpl">
        <property name="categoryDao" ref="categoryDao"/>
    </bean>

    <bean id="eventDao" class="by.eventcat.EventDaoImpl">
         <constructor-arg ref="dataSource"/>
    </bean>
    <bean id="eventService" class="by.eventcat.EventServiceImpl">
        <property name="eventDao" ref="eventDao"/>
    </bean>

    <bean id="timePeriodDao" class="by.eventcat.TimePeriodDaoImpl">
        <constructor-arg ref="dataSource"/>
    </bean>
    <bean id="timePeriodService" class="by.eventcat.TimePeriodServiceImpl">
        <property name="timePeriodDao" ref="timePeriodDao"/>
    </bean>

</beans>